2024-07-21 18:07:813 INFO  HomePage :27 - Login to home page [[ChromeDriver: chrome on windows (5eda815e56496869feb3c8dce825b566)] -> link text: Login]
2024-07-21 18:07:602 INFO  HomePage :27 - Login to home page [[ChromeDriver: chrome on windows (87d59adade6c9875b30a9608f0635e23)] -> link text: Login]
2024-07-21 18:07:451 INFO  HomePage :27 - Login to home page [[ChromeDriver: chrome on windows (189723f917f9779c123f82335d492bf2)] -> link text: Login]
2024-07-21 18:07:229 INFO  HomePage :27 - Login to home page [[ChromeDriver: chrome on windows (c916d3adfcba4bf2e1f9f9463189635a)] -> link text: Login]
2024-07-21 19:07:758 INFO  HomePage :27 - Login to home page [[ChromeDriver: chrome on windows (a181c4b7924aeca52592f7480acdec0f)] -> link text: Login]
2024-07-21 19:07:654 INFO  HomePage :27 - Login to home page [[ChromeDriver: chrome on windows (2a108e19bc1d54ebe4da5a8573d94c66)] -> link text: Login]
2024-07-21 19:07:419 INFO  HomePage :27 - Login to home page [[ChromeDriver: chrome on windows (c409ae47b1badce0a81cdf1c353ab7e8)] -> link text: Login]
2024-07-21 19:07:881 INFO  HomePage :30 - Login to home page [[ChromeDriver: chrome on windows (b3d21eff6be96a0cd287ebd12bd645d1)] -> link text: Login]
2024-07-21 19:07:490 INFO  HomePage :30 - Login to home page [[ChromeDriver: chrome on windows (9daa5d3401e22d2efa09a0af97808d43)] -> link text: Login]
2024-07-21 19:07:514 INFO  HomePage :30 - Login to home page [[ChromeDriver: chrome on windows (365883d933963de9553af1bd44bd2ac8)] -> link text: Login]
2024-07-21 19:07:116 INFO  HomePage :30 - Login to home page [[ChromeDriver: chrome on windows (b864918dcd5931cc52739655c4471027)] -> link text: Login]
2024-07-21 19:07:215 INFO  HomePage :32 - click on cookies[[ChromeDriver: chrome on windows (3e22df3fbe3ec7ea7f71c8fc4d4ce219)] -> xpath: //label[contains(text(),'Allow all cookies')]]
2024-07-21 19:07:610 INFO  HomePage :27 - Login to home page [[ChromeDriver: chrome on windows (3e22df3fbe3ec7ea7f71c8fc4d4ce219)] -> link text: Login]
2024-07-21 19:07:46 INFO  HomePage :32 - click on cookies[[ChromeDriver: chrome on windows (f5d28229bccbda6e74257da6b09c7589)] -> xpath: //label[contains(text(),'Allow all cookies')]]
2024-07-21 19:07:378 INFO  HomePage :27 - Login to home page [[ChromeDriver: chrome on windows (f5d28229bccbda6e74257da6b09c7589)] -> link text: Login]
2024-07-21 19:07:294 INFO  HomePage :32 - click on cookies[[ChromeDriver: chrome on windows (7179e4149e99137fafe2878351fc3e28)] -> xpath: //label[contains(text(),'Allow all cookies')]]
2024-07-21 19:07:796 INFO  HomePage :27 - Login to home page [[ChromeDriver: chrome on windows (7179e4149e99137fafe2878351fc3e28)] -> link text: Login]
2024-07-21 19:07:09 INFO  HomePage :36 - click on cookies[[ChromeDriver: chrome on windows (9a48d23ab312aa778128f2c730f369a0)] -> xpath: //label[contains(text(),'Allow all cookies')]]
2024-07-21 19:07:168 INFO  HomePage :36 - click on cookies[[ChromeDriver: chrome on windows (63b5a52224ec1c6ef45820e18a50aa46)] -> xpath: //label[contains(text(),'Allow all cookies')]]
2024-07-21 19:07:462 INFO  HomePage :31 - Login to home page [[ChromeDriver: chrome on windows (63b5a52224ec1c6ef45820e18a50aa46)] -> link text: Login]
2024-07-21 19:07:824 INFO  HomePage :36 - click on cookies[[ChromeDriver: chrome on windows (2a3c8dfd0f8f91c6519220be84b07b6a)] -> xpath: //label[contains(text(),'Allow all cookies')]]
2024-07-21 19:07:148 INFO  HomePage :31 - Login to home page [[ChromeDriver: chrome on windows (2a3c8dfd0f8f91c6519220be84b07b6a)] -> link text: Login]
2024-07-21 22:07:455 INFO  HomePage :36 - click on cookies[[ChromeDriver: chrome on windows (b4afcd2f47ba78fc8b04790d3fa89a0f)] -> xpath: //label[contains(text(),'Allow all cookies')]]
2024-07-21 22:07:825 INFO  HomePage :31 - Login to home page [[ChromeDriver: chrome on windows (b4afcd2f47ba78fc8b04790d3fa89a0f)] -> link text: Login]
2024-07-21 23:07:400 INFO  HomePage :39 - click on cookies[[ChromeDriver: chrome on windows (6a68c096655ff47e69ce653eb4b4a156)] -> xpath: //label[contains(text(),'Allow all cookies')]]
2024-07-21 23:07:831 INFO  HomePage :34 - Login to home page [[ChromeDriver: chrome on windows (6a68c096655ff47e69ce653eb4b4a156)] -> link text: Login]
2024-07-21 23:07:518 INFO  HomePage :39 - click on cookies[[ChromeDriver: chrome on windows (36b49ddf72af1a6d7cae5904d33cf565)] -> xpath: //label[contains(text(),'Allow all cookies')]]
2024-07-21 23:07:793 INFO  HomePage :34 - Login to home page [[ChromeDriver: chrome on windows (36b49ddf72af1a6d7cae5904d33cf565)] -> link text: Login]
2024-07-21 23:07:381 INFO  HomePage :46 - click on cookies[[ChromeDriver: chrome on windows (038c9e4404de83c4b12c10e0b2c873f0)] -> xpath: //label[contains(text(),'Allow all cookies')]]
2024-07-21 23:07:971 INFO  HomePage :41 - Login to home page [[ChromeDriver: chrome on windows (038c9e4404de83c4b12c10e0b2c873f0)] -> link text: Login]
2024-07-22 00:07:46 INFO  HomePage :46 - click on cookies[[ChromeDriver: chrome on windows (4b5db61d6aba0ef7477b1a6d3f81e4f5)] -> xpath: //label[contains(text(),'Allow all cookies')]]
2024-07-22 00:07:729 INFO  HomePage :41 - Login to home page [[ChromeDriver: chrome on windows (4b5db61d6aba0ef7477b1a6d3f81e4f5)] -> link text: Login]
2024-07-22 09:07:194 INFO  HomePage :35 - get the title of the page: 
2024-07-22 09:07:395 INFO  HomePage :42 - click on cookies: [[ChromeDriver: chrome on windows (3b41b986aa5825cba25fa86a92e83010)] -> xpath: //label[normalize-space()='Necessary cookies only']]
2024-07-22 09:07:543 INFO  HomePage :47 - click on JoinNowTab: [[ChromeDriver: chrome on windows (3b41b986aa5825cba25fa86a92e83010)] -> xpath: //a[normalize-space()='Join Now']]
2024-07-22 09:07:452 INFO  HomePage :35 - get the title of the page: 
2024-07-22 09:07:544 INFO  HomePage :42 - click on cookies: [[ChromeDriver: chrome on windows (987cbef9ff583e9bf14767f5e8c1df3d)] -> xpath: //label[normalize-space()='Necessary cookies only']]
2024-07-22 09:07:760 INFO  HomePage :62 - selectTopMenu: [[[ChromeDriver: chrome on windows (987cbef9ff583e9bf14767f5e8c1df3d)] -> xpath: //li[@class='StyledNavigationMenuListItem-sc-v46bks-2 hRASAg']/a/span], [[ChromeDriver: chrome on windows (987cbef9ff583e9bf14767f5e8c1df3d)] -> xpath: //li[@class='StyledNavigationMenuListItem-sc-v46bks-2 hRASAg']/a/span], [[ChromeDriver: chrome on windows (987cbef9ff583e9bf14767f5e8c1df3d)] -> xpath: //li[@class='StyledNavigationMenuListItem-sc-v46bks-2 hRASAg']/a/span], [[ChromeDriver: chrome on windows (987cbef9ff583e9bf14767f5e8c1df3d)] -> xpath: //li[@class='StyledNavigationMenuListItem-sc-v46bks-2 hRASAg']/a/span], [[ChromeDriver: chrome on windows (987cbef9ff583e9bf14767f5e8c1df3d)] -> xpath: //li[@class='StyledNavigationMenuListItem-sc-v46bks-2 hRASAg']/a/span], [[ChromeDriver: chrome on windows (987cbef9ff583e9bf14767f5e8c1df3d)] -> xpath: //li[@class='StyledNavigationMenuListItem-sc-v46bks-2 hRASAg']/a/span], [[ChromeDriver: chrome on windows (987cbef9ff583e9bf14767f5e8c1df3d)] -> xpath: //li[@class='StyledNavigationMenuListItem-sc-v46bks-2 hRASAg']/a/span], [[ChromeDriver: chrome on windows (987cbef9ff583e9bf14767f5e8c1df3d)] -> xpath: //li[@class='StyledNavigationMenuListItem-sc-v46bks-2 hRASAg']/a/span], [[ChromeDriver: chrome on windows (987cbef9ff583e9bf14767f5e8c1df3d)] -> xpath: //li[@class='StyledNavigationMenuListItem-sc-v46bks-2 hRASAg']/a/span], [[ChromeDriver: chrome on windows (987cbef9ff583e9bf14767f5e8c1df3d)] -> xpath: //li[@class='StyledNavigationMenuListItem-sc-v46bks-2 hRASAg']/a/span]]
2024-07-22 09:07:865 INFO  OnlineSlotsPage :19 - Get text of OnlineSlot: [[ChromeDriver: chrome on windows (987cbef9ff583e9bf14767f5e8c1df3d)] -> xpath: //h1[normalize-space()='Play Online Slots at Virgin Games']]
2024-07-22 09:07:590 INFO  HomePage :35 - get the title of the page: 
2024-07-22 09:07:697 INFO  HomePage :42 - click on cookies: [[ChromeDriver: chrome on windows (ec26e20ac139f04454bac2dc64f8d3cb)] -> xpath: //label[normalize-space()='Necessary cookies only']]
2024-07-22 09:07:899 INFO  HomePage :47 - click on JoinNowTab: [[ChromeDriver: chrome on windows (ec26e20ac139f04454bac2dc64f8d3cb)] -> xpath: //a[normalize-space()='Join Now']]
2024-07-22 09:07:215 INFO  HomePage :35 - get the title of the page: 
2024-07-22 09:07:388 INFO  HomePage :42 - click on cookies: [[ChromeDriver: chrome on windows (fc2b7c66664fadf1380a8c2ab19fe303)] -> xpath: //label[normalize-space()='Necessary cookies only']]
2024-07-22 09:07:558 INFO  HomePage :62 - selectTopMenu: [[[ChromeDriver: chrome on windows (fc2b7c66664fadf1380a8c2ab19fe303)] -> xpath: //li[@class='StyledNavigationMenuListItem-sc-v46bks-2 hRASAg']/a/span], [[ChromeDriver: chrome on windows (fc2b7c66664fadf1380a8c2ab19fe303)] -> xpath: //li[@class='StyledNavigationMenuListItem-sc-v46bks-2 hRASAg']/a/span], [[ChromeDriver: chrome on windows (fc2b7c66664fadf1380a8c2ab19fe303)] -> xpath: //li[@class='StyledNavigationMenuListItem-sc-v46bks-2 hRASAg']/a/span], [[ChromeDriver: chrome on windows (fc2b7c66664fadf1380a8c2ab19fe303)] -> xpath: //li[@class='StyledNavigationMenuListItem-sc-v46bks-2 hRASAg']/a/span], [[ChromeDriver: chrome on windows (fc2b7c66664fadf1380a8c2ab19fe303)] -> xpath: //li[@class='StyledNavigationMenuListItem-sc-v46bks-2 hRASAg']/a/span], [[ChromeDriver: chrome on windows (fc2b7c66664fadf1380a8c2ab19fe303)] -> xpath: //li[@class='StyledNavigationMenuListItem-sc-v46bks-2 hRASAg']/a/span], [[ChromeDriver: chrome on windows (fc2b7c66664fadf1380a8c2ab19fe303)] -> xpath: //li[@class='StyledNavigationMenuListItem-sc-v46bks-2 hRASAg']/a/span], [[ChromeDriver: chrome on windows (fc2b7c66664fadf1380a8c2ab19fe303)] -> xpath: //li[@class='StyledNavigationMenuListItem-sc-v46bks-2 hRASAg']/a/span], [[ChromeDriver: chrome on windows (fc2b7c66664fadf1380a8c2ab19fe303)] -> xpath: //li[@class='StyledNavigationMenuListItem-sc-v46bks-2 hRASAg']/a/span], [[ChromeDriver: chrome on windows (fc2b7c66664fadf1380a8c2ab19fe303)] -> xpath: //li[@class='StyledNavigationMenuListItem-sc-v46bks-2 hRASAg']/a/span]]
2024-07-22 09:07:849 INFO  OnlineSlotsPage :19 - Get text of OnlineSlot: [[ChromeDriver: chrome on windows (fc2b7c66664fadf1380a8c2ab19fe303)] -> xpath: //h1[normalize-space()='Play Online Slots at Virgin Games']]
